<?xml version="1.0" encoding="UTF-8"?>
<!-- Generated by org.testng.reporters.JUnitReportReporter -->
<testsuite hostname="LAPTOP-OH5PE7QO" failures="0" tests="1" name="TheFork.Tests" time="15.001" errors="0" timestamp="2022-06-06T22:26:35 CEST" skipped="0">
  <testcase classname="TheFork.Tests" name="login" time="15.001"/>
  <system-out/>
</testsuite> <!-- TheFork.Tests -->
