<?xml version="1.0" encoding="UTF-8"?>
<!-- Generated by org.testng.reporters.JUnitReportReporter -->
<testsuite hostname="LAPTOP-OH5PE7QO" failures="0" tests="1" name="TheFork.NewTest" time="0.003" errors="0" timestamp="2022-06-02T13:24:21 CEST" skipped="0">
  <testcase classname="TheFork.NewTest" name="f" time="0.003"/>
  <system-out/>
</testsuite> <!-- TheFork.NewTest -->
